<?xml version="1.0" encoding="UTF-8"?>
<!-- Generated by org.testng.reporters.JUnitReportReporter -->
<testsuite hostname="bvi1434.aggr1.atw.pa.rcn.net" failures="0" tests="1" name="com.testrunner.TestRunner" time="7.104" errors="0" timestamp="24 Dec 2019 16:04:52 GMT" skipped="0">
  <testcase classname="com.testrunner.TestRunner" name="feature" time="7.104"/>
</testsuite> <!-- com.testrunner.TestRunner -->
