<?xml version="1.0" encoding="UTF-8"?>
<!-- Generated by org.testng.reporters.JUnitReportReporter -->
<testsuite skipped="0" hostname="Minhajs-MBP.home" name="com.testrunner.TestRunner" tests="1" failures="0" timestamp="05 Aug 2019 03:10:06 GMT" time="0.004" errors="0">
  <testcase name="feature" time="0.004" classname="com.testrunner.TestRunner"/>
</testsuite> <!-- com.testrunner.TestRunner -->
